<?xml version="1.0" encoding="UTF-8"?>
<!-- Generated by org.testng.reporters.JUnitReportReporter -->
<testsuite skipped="0" hostname="INL20-00BAAABDJ" name="com.insurance.qa.util.NewApplicationTest" tests="1" failures="0" timestamp="13 Jun 2020 04:59:48 GMT" time="59.496" errors="0">
  <testcase name="enterCustomerDetailsTest" time="59.496" classname="com.insurance.qa.util.NewApplicationTest"/>
</testsuite> <!-- com.insurance.qa.util.NewApplicationTest -->
