<?xml version="1.0" encoding="UTF-8"?>
<!-- Generated by org.testng.reporters.JUnitReportReporter -->
<testsuite skipped="0" hostname="INL20-00BAAABDJ" name="com.insurance.qa.test.Bagic_Info_PageTest" tests="1" failures="0" timestamp="13 Jun 2020 17:19:45 GMT" time="87.263" errors="0">
  <testcase name="enterSelfDetailsTest" time="87.263" classname="com.insurance.qa.test.Bagic_Info_PageTest"/>
</testsuite> <!-- com.insurance.qa.test.Bagic_Info_PageTest -->
