<?xml version="1.0" encoding="UTF-8"?>
<!-- Generated by org.testng.reporters.JUnitReportReporter -->
<testsuite skipped="0" hostname="INL20-00BAAABDJ" name="com.insurance.qa.test.CustomerSearchHomeTest" tests="1" failures="0" timestamp="13 Jun 2020 00:54:19 GMT" time="41.683" errors="0">
  <testcase name="selectFromCustomerIdTest" time="41.683" classname="com.insurance.qa.test.CustomerSearchHomeTest"/>
</testsuite> <!-- com.insurance.qa.test.CustomerSearchHomeTest -->
