<?xml version="1.0" encoding="UTF-8"?>
<!-- Generated by org.testng.reporters.JUnitReportReporter -->
<testsuite skipped="0" hostname="INL20-00BAAABDJ" name="com.insurance.qa.test.LoginInsurancePageTest" tests="1" failures="0" timestamp="11 Jun 2020 16:21:17 GMT" time="42.198" errors="0">
  <testcase name="loginTest" time="42.198" classname="com.insurance.qa.test.LoginInsurancePageTest"/>
</testsuite> <!-- com.insurance.qa.test.LoginInsurancePageTest -->
