<?xml version="1.0" encoding="UTF-8"?>
<!-- Generated by org.testng.reporters.JUnitReportReporter -->
<testsuite skipped="0" hostname="INL20-00BAAABDJ" name="com.insurance.qa.test.BagicE2ETestCases" tests="1" failures="0" timestamp="16 Jun 2020 04:31:51 GMT" time="78.078" errors="0">
  <testcase name="BagicTestForSelf" time="78.078" classname="com.insurance.qa.test.BagicE2ETestCases"/>
</testsuite> <!-- com.insurance.qa.test.BagicE2ETestCases -->
