<?xml version="1.0" encoding="UTF-8"?>
<!-- Generated by org.testng.reporters.JUnitReportReporter -->
<testsuite skipped="0" hostname="INL20-00BAAABDJ" name="com.insurance.qa.util.ProductSelectionTest" tests="1" failures="0" timestamp="13 Jun 2020 07:22:28 GMT" time="71.180" errors="0">
  <testcase name="enterProductDetailsTest" time="71.180" classname="com.insurance.qa.util.ProductSelectionTest"/>
</testsuite> <!-- com.insurance.qa.util.ProductSelectionTest -->
