<?xml version="1.0" encoding="UTF-8"?>
<!-- Generated by org.testng.reporters.JUnitReportReporter -->
<testsuite skipped="0" hostname="INL20-00BAAABDJ" name="com.insurance.qa.test.CheckoutPageTest" tests="1" failures="0" timestamp="14 Jun 2020 14:36:15 GMT" time="125.249" errors="0">
  <testcase name="enterSelfDetailsTest" time="125.249" classname="com.insurance.qa.test.CheckoutPageTest"/>
</testsuite> <!-- com.insurance.qa.test.CheckoutPageTest -->
